<?xml version="1.0" encoding="UTF-8"?>
<coverage generated="1752755080444" clover="3.2.0">
  <project timestamp="1752755080444" name="All files">
    <metrics statements="419" coveredstatements="413" conditionals="80" coveredconditionals="78" methods="37" coveredmethods="28" elements="536" coveredelements="519" complexity="0" loc="419" ncloc="419" packages="1" files="4" classes="4"/>
    <file name="fast.ts" path="/Users/luxass/dev/farver/src/fast.ts">
      <metrics statements="140" coveredstatements="138" conditionals="19" coveredconditionals="19" methods="15" coveredmethods="11"/>
      <line num="2" count="1" type="stmt"/>
      <line num="3" count="1" type="stmt"/>
      <line num="68" count="372" type="cond" truecount="1" falsecount="0"/>
      <line num="69" count="372" type="cond" truecount="1" falsecount="0"/>
      <line num="70" count="221" type="stmt"/>
      <line num="71" count="221" type="stmt"/>
      <line num="72" count="221" type="stmt"/>
      <line num="74" count="221" type="cond" truecount="1" falsecount="0"/>
      <line num="75" count="11" type="stmt"/>
      <line num="76" count="11" type="stmt"/>
      <line num="77" count="11" type="stmt"/>
      <line num="79" count="221" type="cond" truecount="1" falsecount="0"/>
      <line num="80" count="2" type="stmt"/>
      <line num="81" count="2" type="stmt"/>
      <line num="83" count="221" type="stmt"/>
      <line num="84" count="221" type="stmt"/>
      <line num="85" count="372" type="stmt"/>
      <line num="87" count="1" type="cond" truecount="1" falsecount="0"/>
      <line num="89" count="7" type="cond" truecount="3" falsecount="0"/>
      <line num="91" count="7" type="stmt"/>
      <line num="92" count="0" type="stmt"/>
      <line num="93" count="7" type="stmt"/>
      <line num="94" count="0" type="stmt"/>
      <line num="95" count="7" type="cond" truecount="1" falsecount="0"/>
      <line num="96" count="7" type="cond" truecount="1" falsecount="0"/>
      <line num="98" count="7" type="cond" truecount="1" falsecount="0"/>
      <line num="99" count="2" type="stmt"/>
      <line num="100" count="2" type="stmt"/>
      <line num="101" count="2" type="cond" truecount="1" falsecount="0"/>
      <line num="102" count="2" type="cond" truecount="1" falsecount="0"/>
      <line num="103" count="19" type="stmt"/>
      <line num="104" count="7" type="cond" truecount="2" falsecount="0"/>
      <line num="105" count="2" type="cond" truecount="1" falsecount="0"/>
      <line num="106" count="2" type="cond" truecount="1" falsecount="0"/>
      <line num="107" count="2" type="stmt"/>
      <line num="109" count="7" type="stmt"/>
      <line num="110" count="7" type="stmt"/>
      <line num="111" count="7" type="stmt"/>
      <line num="112" count="7" type="stmt"/>
      <line num="113" count="7" type="stmt"/>
      <line num="114" count="7" type="stmt"/>
      <line num="115" count="7" type="stmt"/>
      <line num="116" count="7" type="stmt"/>
      <line num="117" count="7" type="stmt"/>
      <line num="118" count="7" type="stmt"/>
      <line num="120" count="7" type="stmt"/>
      <line num="121" count="7" type="stmt"/>
      <line num="122" count="7" type="stmt"/>
      <line num="123" count="7" type="stmt"/>
      <line num="124" count="7" type="stmt"/>
      <line num="125" count="7" type="stmt"/>
      <line num="126" count="7" type="stmt"/>
      <line num="127" count="7" type="stmt"/>
      <line num="128" count="7" type="stmt"/>
      <line num="129" count="7" type="stmt"/>
      <line num="130" count="7" type="stmt"/>
      <line num="131" count="7" type="stmt"/>
      <line num="132" count="7" type="stmt"/>
      <line num="133" count="7" type="stmt"/>
      <line num="134" count="7" type="stmt"/>
      <line num="135" count="7" type="stmt"/>
      <line num="136" count="7" type="stmt"/>
      <line num="138" count="7" type="stmt"/>
      <line num="139" count="7" type="stmt"/>
      <line num="140" count="7" type="stmt"/>
      <line num="141" count="7" type="stmt"/>
      <line num="142" count="7" type="stmt"/>
      <line num="143" count="7" type="stmt"/>
      <line num="144" count="7" type="stmt"/>
      <line num="145" count="7" type="stmt"/>
      <line num="146" count="7" type="stmt"/>
      <line num="147" count="7" type="stmt"/>
      <line num="148" count="7" type="stmt"/>
      <line num="149" count="7" type="stmt"/>
      <line num="150" count="7" type="stmt"/>
      <line num="151" count="7" type="stmt"/>
      <line num="152" count="7" type="stmt"/>
      <line num="153" count="7" type="stmt"/>
      <line num="154" count="7" type="stmt"/>
      <line num="155" count="7" type="stmt"/>
      <line num="156" count="7" type="stmt"/>
      <line num="157" count="7" type="stmt"/>
      <line num="158" count="7" type="stmt"/>
      <line num="160" count="7" type="cond" truecount="1" falsecount="0"/>
      <line num="161" count="7" type="cond" truecount="1" falsecount="0"/>
      <line num="162" count="7" type="stmt"/>
      <line num="163" count="7" type="stmt"/>
      <line num="165" count="1" type="stmt"/>
      <line num="167" count="1" type="stmt"/>
      <line num="169" count="1" type="stmt"/>
      <line num="170" count="1" type="stmt"/>
      <line num="171" count="1" type="stmt"/>
      <line num="172" count="1" type="stmt"/>
      <line num="173" count="1" type="stmt"/>
      <line num="174" count="1" type="stmt"/>
      <line num="175" count="1" type="stmt"/>
      <line num="176" count="1" type="stmt"/>
      <line num="177" count="1" type="stmt"/>
      <line num="178" count="1" type="stmt"/>
      <line num="179" count="1" type="stmt"/>
      <line num="180" count="1" type="stmt"/>
      <line num="181" count="1" type="stmt"/>
      <line num="182" count="1" type="stmt"/>
      <line num="183" count="1" type="stmt"/>
      <line num="184" count="1" type="stmt"/>
      <line num="185" count="1" type="stmt"/>
      <line num="186" count="1" type="stmt"/>
      <line num="187" count="1" type="stmt"/>
      <line num="188" count="1" type="stmt"/>
      <line num="189" count="1" type="stmt"/>
      <line num="190" count="1" type="stmt"/>
      <line num="191" count="1" type="stmt"/>
      <line num="192" count="1" type="stmt"/>
      <line num="193" count="1" type="stmt"/>
      <line num="194" count="1" type="stmt"/>
      <line num="195" count="1" type="stmt"/>
      <line num="196" count="1" type="stmt"/>
      <line num="197" count="1" type="stmt"/>
      <line num="198" count="1" type="stmt"/>
      <line num="199" count="1" type="stmt"/>
      <line num="200" count="1" type="stmt"/>
      <line num="201" count="1" type="stmt"/>
      <line num="202" count="1" type="stmt"/>
      <line num="203" count="1" type="stmt"/>
      <line num="204" count="1" type="stmt"/>
      <line num="205" count="1" type="stmt"/>
      <line num="206" count="1" type="stmt"/>
      <line num="207" count="1" type="stmt"/>
      <line num="208" count="1" type="stmt"/>
      <line num="209" count="1" type="stmt"/>
      <line num="210" count="1" type="stmt"/>
      <line num="211" count="1" type="stmt"/>
      <line num="212" count="1" type="stmt"/>
      <line num="213" count="1" type="stmt"/>
      <line num="214" count="1" type="stmt"/>
      <line num="215" count="1" type="stmt"/>
      <line num="216" count="1" type="stmt"/>
      <line num="217" count="1" type="stmt"/>
      <line num="218" count="1" type="stmt"/>
      <line num="219" count="1" type="stmt"/>
    </file>
    <file name="index.ts" path="/Users/luxass/dev/farver/src/index.ts">
      <metrics statements="229" coveredstatements="226" conditionals="33" coveredconditionals="32" methods="17" coveredmethods="13"/>
      <line num="2" count="1" type="stmt"/>
      <line num="3" count="1" type="stmt"/>
      <line num="70" count="9" type="cond" truecount="1" falsecount="0"/>
      <line num="71" count="9" type="stmt"/>
      <line num="72" count="9" type="cond" truecount="1" falsecount="0"/>
      <line num="73" count="513" type="stmt"/>
      <line num="74" count="513" type="stmt"/>
      <line num="75" count="513" type="stmt"/>
      <line num="76" count="513" type="cond" truecount="1" falsecount="0"/>
      <line num="77" count="43" type="cond" truecount="1" falsecount="0"/>
      <line num="78" count="43" type="cond" truecount="1" falsecount="0"/>
      <line num="79" count="470" type="cond" truecount="1" falsecount="0"/>
      <line num="80" count="237" type="cond" truecount="1" falsecount="0"/>
      <line num="81" count="25" type="stmt"/>
      <line num="82" count="25" type="stmt"/>
      <line num="84" count="237" type="cond" truecount="1" falsecount="0"/>
      <line num="85" count="23" type="stmt"/>
      <line num="86" count="23" type="stmt"/>
      <line num="87" count="23" type="stmt"/>
      <line num="89" count="237" type="cond" truecount="1" falsecount="0"/>
      <line num="90" count="2" type="stmt"/>
      <line num="91" count="2" type="stmt"/>
      <line num="93" count="237" type="stmt"/>
      <line num="94" count="470" type="stmt"/>
      <line num="95" count="513" type="stmt"/>
      <line num="96" count="9" type="stmt"/>
      <line num="98" count="1" type="cond" truecount="1" falsecount="0"/>
      <line num="99" count="9" type="stmt"/>
      <line num="100" count="9" type="stmt"/>
      <line num="102" count="9" type="stmt"/>
      <line num="103" count="0" type="stmt"/>
      <line num="104" count="9" type="stmt"/>
      <line num="105" count="0" type="stmt"/>
      <line num="106" count="9" type="cond" truecount="1" falsecount="0"/>
      <line num="107" count="9" type="cond" truecount="1" falsecount="0"/>
      <line num="108" count="9" type="cond" truecount="1" falsecount="0"/>
      <line num="109" count="3" type="stmt"/>
      <line num="110" count="3" type="stmt"/>
      <line num="111" count="3" type="cond" truecount="1" falsecount="0"/>
      <line num="112" count="3" type="cond" truecount="1" falsecount="0"/>
      <line num="113" count="21" type="stmt"/>
      <line num="114" count="9" type="cond" truecount="2" falsecount="0"/>
      <line num="115" count="3" type="cond" truecount="1" falsecount="0"/>
      <line num="116" count="3" type="cond" truecount="1" falsecount="0"/>
      <line num="117" count="3" type="stmt"/>
      <line num="119" count="9" type="stmt"/>
      <line num="120" count="9" type="stmt"/>
      <line num="121" count="9" type="stmt"/>
      <line num="122" count="9" type="stmt"/>
      <line num="123" count="9" type="stmt"/>
      <line num="124" count="9" type="stmt"/>
      <line num="125" count="9" type="stmt"/>
      <line num="126" count="9" type="stmt"/>
      <line num="127" count="9" type="stmt"/>
      <line num="128" count="9" type="stmt"/>
      <line num="130" count="9" type="stmt"/>
      <line num="131" count="9" type="stmt"/>
      <line num="132" count="9" type="stmt"/>
      <line num="133" count="9" type="stmt"/>
      <line num="134" count="9" type="stmt"/>
      <line num="135" count="9" type="stmt"/>
      <line num="136" count="9" type="stmt"/>
      <line num="137" count="9" type="stmt"/>
      <line num="138" count="9" type="stmt"/>
      <line num="139" count="9" type="stmt"/>
      <line num="140" count="9" type="stmt"/>
      <line num="141" count="9" type="stmt"/>
      <line num="142" count="9" type="stmt"/>
      <line num="143" count="9" type="stmt"/>
      <line num="144" count="9" type="stmt"/>
      <line num="145" count="9" type="stmt"/>
      <line num="146" count="9" type="stmt"/>
      <line num="148" count="9" type="stmt"/>
      <line num="149" count="9" type="stmt"/>
      <line num="150" count="9" type="stmt"/>
      <line num="151" count="9" type="stmt"/>
      <line num="152" count="9" type="stmt"/>
      <line num="153" count="9" type="stmt"/>
      <line num="154" count="9" type="stmt"/>
      <line num="155" count="9" type="stmt"/>
      <line num="156" count="9" type="stmt"/>
      <line num="157" count="9" type="stmt"/>
      <line num="158" count="9" type="stmt"/>
      <line num="159" count="9" type="stmt"/>
      <line num="160" count="9" type="stmt"/>
      <line num="161" count="9" type="stmt"/>
      <line num="162" count="9" type="stmt"/>
      <line num="163" count="9" type="stmt"/>
      <line num="164" count="9" type="stmt"/>
      <line num="166" count="9" type="stmt"/>
      <line num="167" count="9" type="stmt"/>
      <line num="168" count="9" type="stmt"/>
      <line num="169" count="9" type="stmt"/>
      <line num="171" count="9" type="cond" truecount="1" falsecount="0"/>
      <line num="172" count="9" type="cond" truecount="1" falsecount="0"/>
      <line num="173" count="9" type="stmt"/>
      <line num="175" count="9" type="stmt"/>
      <line num="176" count="9" type="stmt"/>
      <line num="178" count="1" type="stmt"/>
      <line num="180" count="1" type="stmt"/>
      <line num="182" count="532" type="cond" truecount="1" falsecount="0"/>
      <line num="183" count="532" type="stmt"/>
      <line num="184" count="532" type="cond" truecount="1" falsecount="0"/>
      <line num="185" count="19" type="stmt"/>
      <line num="186" count="19" type="stmt"/>
      <line num="188" count="19" type="stmt"/>
      <line num="189" count="19" type="stmt"/>
      <line num="190" count="19" type="cond" truecount="1" falsecount="0"/>
      <line num="191" count="17" type="cond" truecount="1" falsecount="0"/>
      <line num="192" count="14" type="cond" truecount="1" falsecount="0"/>
      <line num="193" count="13" type="cond" truecount="1" falsecount="0"/>
      <line num="194" count="7" type="stmt"/>
      <line num="195" count="19" type="cond" truecount="1" falsecount="0"/>
      <line num="196" count="12" type="cond" truecount="1" falsecount="0"/>
      <line num="197" count="12" type="cond" truecount="1" falsecount="0"/>
      <line num="199" count="12" type="stmt"/>
      <line num="200" count="12" type="stmt"/>
      <line num="201" count="12" type="stmt"/>
      <line num="202" count="12" type="cond" truecount="1" falsecount="0"/>
      <line num="204" count="7" type="stmt"/>
      <line num="205" count="7" type="cond" truecount="1" falsecount="0"/>
      <line num="207" count="7" type="stmt"/>
      <line num="208" count="7" type="stmt"/>
      <line num="209" count="7" type="stmt"/>
      <line num="210" count="7" type="cond" truecount="0" falsecount="1"/>
      <line num="212" count="0" type="stmt"/>
      <line num="213" count="19" type="stmt"/>
      <line num="214" count="532" type="stmt"/>
      <line num="215" count="532" type="stmt"/>
      <line num="217" count="1" type="stmt"/>
      <line num="218" count="1" type="stmt"/>
      <line num="219" count="1" type="stmt"/>
      <line num="220" count="1" type="stmt"/>
      <line num="221" count="1" type="stmt"/>
      <line num="222" count="1" type="stmt"/>
      <line num="223" count="1" type="stmt"/>
      <line num="224" count="1" type="stmt"/>
      <line num="225" count="1" type="stmt"/>
      <line num="226" count="1" type="stmt"/>
      <line num="227" count="1" type="stmt"/>
      <line num="228" count="1" type="stmt"/>
      <line num="229" count="1" type="stmt"/>
      <line num="230" count="1" type="stmt"/>
      <line num="231" count="1" type="stmt"/>
      <line num="232" count="1" type="stmt"/>
      <line num="233" count="1" type="stmt"/>
      <line num="234" count="1" type="stmt"/>
      <line num="235" count="1" type="stmt"/>
      <line num="236" count="1" type="stmt"/>
      <line num="237" count="1" type="stmt"/>
      <line num="238" count="1" type="stmt"/>
      <line num="239" count="1" type="stmt"/>
      <line num="240" count="1" type="stmt"/>
      <line num="241" count="1" type="stmt"/>
      <line num="242" count="1" type="stmt"/>
      <line num="243" count="1" type="stmt"/>
      <line num="244" count="1" type="stmt"/>
      <line num="245" count="1" type="stmt"/>
      <line num="246" count="1" type="stmt"/>
      <line num="247" count="1" type="stmt"/>
      <line num="248" count="1" type="stmt"/>
      <line num="249" count="1" type="stmt"/>
      <line num="250" count="1" type="stmt"/>
      <line num="251" count="1" type="stmt"/>
      <line num="252" count="1" type="stmt"/>
      <line num="253" count="1" type="stmt"/>
      <line num="254" count="1" type="stmt"/>
      <line num="255" count="1" type="stmt"/>
      <line num="256" count="1" type="stmt"/>
      <line num="257" count="1" type="stmt"/>
      <line num="258" count="1" type="stmt"/>
      <line num="259" count="1" type="stmt"/>
      <line num="260" count="1" type="stmt"/>
      <line num="261" count="1" type="stmt"/>
      <line num="262" count="1" type="stmt"/>
      <line num="263" count="1" type="stmt"/>
      <line num="264" count="1" type="stmt"/>
      <line num="265" count="1" type="stmt"/>
      <line num="266" count="1" type="stmt"/>
      <line num="267" count="1" type="stmt"/>
      <line num="269" count="1" type="stmt"/>
      <line num="270" count="1" type="stmt"/>
      <line num="271" count="1" type="stmt"/>
      <line num="272" count="1" type="stmt"/>
      <line num="273" count="1" type="stmt"/>
      <line num="274" count="1" type="stmt"/>
      <line num="275" count="1" type="stmt"/>
      <line num="276" count="1" type="stmt"/>
      <line num="277" count="1" type="stmt"/>
      <line num="278" count="1" type="stmt"/>
      <line num="279" count="1" type="stmt"/>
      <line num="280" count="1" type="stmt"/>
      <line num="281" count="1" type="stmt"/>
      <line num="282" count="1" type="stmt"/>
      <line num="283" count="1" type="stmt"/>
      <line num="284" count="1" type="stmt"/>
      <line num="285" count="1" type="stmt"/>
      <line num="286" count="1" type="stmt"/>
      <line num="287" count="1" type="stmt"/>
      <line num="289" count="1" type="stmt"/>
      <line num="290" count="1" type="stmt"/>
      <line num="291" count="1" type="stmt"/>
      <line num="292" count="1" type="stmt"/>
      <line num="293" count="1" type="stmt"/>
      <line num="294" count="1" type="stmt"/>
      <line num="295" count="1" type="stmt"/>
      <line num="296" count="1" type="stmt"/>
      <line num="297" count="1" type="stmt"/>
      <line num="298" count="1" type="stmt"/>
      <line num="299" count="1" type="stmt"/>
      <line num="300" count="1" type="stmt"/>
      <line num="301" count="1" type="stmt"/>
      <line num="302" count="1" type="stmt"/>
      <line num="303" count="1" type="stmt"/>
      <line num="304" count="1" type="stmt"/>
      <line num="305" count="1" type="stmt"/>
      <line num="306" count="1" type="stmt"/>
      <line num="307" count="1" type="stmt"/>
      <line num="309" count="1" type="stmt"/>
      <line num="310" count="1" type="stmt"/>
      <line num="311" count="1" type="stmt"/>
      <line num="312" count="1" type="stmt"/>
      <line num="313" count="1" type="stmt"/>
      <line num="314" count="1" type="stmt"/>
      <line num="315" count="1" type="stmt"/>
      <line num="316" count="1" type="stmt"/>
      <line num="317" count="1" type="stmt"/>
      <line num="318" count="1" type="stmt"/>
      <line num="319" count="1" type="stmt"/>
    </file>
    <file name="supports.ts" path="/Users/luxass/dev/farver/src/supports.ts">
      <metrics statements="1" coveredstatements="0" conditionals="1" coveredconditionals="0" methods="1" coveredmethods="0"/>
      <line num="1" count="0" type="cond" truecount="0" falsecount="1"/>
    </file>
    <file name="utils.ts" path="/Users/luxass/dev/farver/src/utils.ts">
      <metrics statements="49" coveredstatements="49" conditionals="27" coveredconditionals="27" methods="4" coveredmethods="4"/>
      <line num="22" count="1" type="cond" truecount="1" falsecount="0"/>
      <line num="23" count="116" type="cond" truecount="1" falsecount="0"/>
      <line num="24" count="116" type="cond" truecount="2" falsecount="0"/>
      <line num="26" count="116" type="cond" truecount="1" falsecount="0"/>
      <line num="27" count="4" type="stmt"/>
      <line num="28" count="116" type="cond" truecount="2" falsecount="0"/>
      <line num="29" count="4" type="stmt"/>
      <line num="30" count="4" type="stmt"/>
      <line num="33" count="109" type="stmt"/>
      <line num="35" count="109" type="stmt"/>
      <line num="36" count="109" type="stmt"/>
      <line num="66" count="1" type="cond" truecount="1" falsecount="0"/>
      <line num="68" count="187" type="cond" truecount="2" falsecount="0"/>
      <line num="69" count="57" type="cond" truecount="2" falsecount="0"/>
      <line num="70" count="57" type="cond" truecount="1" falsecount="0"/>
      <line num="71" count="19" type="stmt"/>
      <line num="72" count="19" type="cond" truecount="1" falsecount="0"/>
      <line num="74" count="130" type="stmt"/>
      <line num="75" count="130" type="stmt"/>
      <line num="77" count="130" type="stmt"/>
      <line num="78" count="130" type="stmt"/>
      <line num="79" count="130" type="stmt"/>
      <line num="81" count="130" type="stmt"/>
      <line num="104" count="1" type="cond" truecount="1" falsecount="0"/>
      <line num="106" count="105" type="cond" truecount="2" falsecount="0"/>
      <line num="109" count="105" type="cond" truecount="2" falsecount="0"/>
      <line num="111" count="102" type="stmt"/>
      <line num="112" count="102" type="stmt"/>
      <line num="113" count="102" type="stmt"/>
      <line num="116" count="105" type="cond" truecount="1" falsecount="0"/>
      <line num="117" count="10" type="stmt"/>
      <line num="118" count="105" type="cond" truecount="1" falsecount="0"/>
      <line num="119" count="92" type="stmt"/>
      <line num="120" count="92" type="stmt"/>
      <line num="122" count="92" type="stmt"/>
      <line num="123" count="92" type="stmt"/>
      <line num="124" count="92" type="stmt"/>
      <line num="125" count="92" type="cond" truecount="1" falsecount="0"/>
      <line num="127" count="102" type="stmt"/>
      <line num="129" count="105" type="cond" truecount="1" falsecount="0"/>
      <line num="130" count="9" type="stmt"/>
      <line num="131" count="9" type="cond" truecount="1" falsecount="0"/>
      <line num="133" count="93" type="stmt"/>
      <line num="134" count="93" type="stmt"/>
      <line num="136" count="105" type="cond" truecount="2" falsecount="0"/>
      <line num="137" count="105" type="stmt"/>
      <line num="156" count="1" type="cond" truecount="1" falsecount="0"/>
      <line num="157" count="95" type="stmt"/>
      <line num="158" count="95" type="stmt"/>
    </file>
  </project>
</coverage>
