{"/Users/luxass/dev/farver/src/fast.ts": {"path":"/Users/luxass/dev/farver/src/fast.ts","all":false,"statementMap":{"1":{"start":{"line":2,"column":0},"end":{"line":2,"column":49}},"2":{"start":{"line":3,"column":0},"end":{"line":3,"column":75}},"67":{"start":{"line":68,"column":0},"end":{"line":68,"column":66}},"68":{"start":{"line":69,"column":0},"end":{"line":69,"column":74}},"69":{"start":{"line":70,"column":0},"end":{"line":70,"column":34}},"70":{"start":{"line":71,"column":0},"end":{"line":71,"column":33}},"71":{"start":{"line":72,"column":0},"end":{"line":72,"column":26}},"73":{"start":{"line":74,"column":0},"end":{"line":74,"column":32}},"74":{"start":{"line":75,"column":0},"end":{"line":75,"column":27}},"75":{"start":{"line":76,"column":0},"end":{"line":76,"column":43}},"76":{"start":{"line":77,"column":0},"end":{"line":77,"column":5}},"78":{"start":{"line":79,"column":0},"end":{"line":79,"column":30}},"79":{"start":{"line":80,"column":0},"end":{"line":80,"column":59}},"80":{"start":{"line":81,"column":0},"end":{"line":81,"column":5}},"82":{"start":{"line":83,"column":0},"end":{"line":83,"column":31}},"83":{"start":{"line":84,"column":0},"end":{"line":84,"column":4}},"84":{"start":{"line":85,"column":0},"end":{"line":85,"column":1}},"86":{"start":{"line":87,"column":0},"end":{"line":87,"column":84}},"88":{"start":{"line":89,"column":0},"end":{"line":89,"column":57}},"90":{"start":{"line":91,"column":0},"end":{"line":91,"column":57}},"91":{"start":{"line":92,"column":0},"end":{"line":92,"column":36}},"92":{"start":{"line":93,"column":0},"end":{"line":93,"column":59}},"93":{"start":{"line":94,"column":0},"end":{"line":94,"column":36}},"94":{"start":{"line":95,"column":0},"end":{"line":95,"column":63}},"95":{"start":{"line":96,"column":0},"end":{"line":96,"column":63}},"97":{"start":{"line":98,"column":0},"end":{"line":98,"column":25}},"98":{"start":{"line":99,"column":0},"end":{"line":99,"column":55}},"99":{"start":{"line":100,"column":0},"end":{"line":100,"column":60}},"100":{"start":{"line":101,"column":0},"end":{"line":101,"column":78}},"101":{"start":{"line":102,"column":0},"end":{"line":102,"column":48}},"102":{"start":{"line":103,"column":0},"end":{"line":103,"column":42}},"103":{"start":{"line":104,"column":0},"end":{"line":104,"column":32}},"104":{"start":{"line":105,"column":0},"end":{"line":105,"column":73}},"105":{"start":{"line":106,"column":0},"end":{"line":106,"column":75}},"106":{"start":{"line":107,"column":0},"end":{"line":107,"column":3}},"108":{"start":{"line":109,"column":0},"end":{"line":109,"column":10}},"109":{"start":{"line":110,"column":0},"end":{"line":110,"column":22}},"110":{"start":{"line":111,"column":0},"end":{"line":111,"column":22}},"111":{"start":{"line":112,"column":0},"end":{"line":112,"column":21}},"112":{"start":{"line":113,"column":0},"end":{"line":113,"column":24}},"113":{"start":{"line":114,"column":0},"end":{"line":114,"column":27}},"114":{"start":{"line":115,"column":0},"end":{"line":115,"column":27}},"115":{"start":{"line":116,"column":0},"end":{"line":116,"column":25}},"116":{"start":{"line":117,"column":0},"end":{"line":117,"column":24}},"117":{"start":{"line":118,"column":0},"end":{"line":118,"column":31}},"119":{"start":{"line":120,"column":0},"end":{"line":120,"column":24}},"120":{"start":{"line":121,"column":0},"end":{"line":121,"column":22}},"121":{"start":{"line":122,"column":0},"end":{"line":122,"column":24}},"122":{"start":{"line":123,"column":0},"end":{"line":123,"column":25}},"123":{"start":{"line":124,"column":0},"end":{"line":124,"column":23}},"124":{"start":{"line":125,"column":0},"end":{"line":125,"column":26}},"125":{"start":{"line":126,"column":0},"end":{"line":126,"column":23}},"126":{"start":{"line":127,"column":0},"end":{"line":127,"column":24}},"127":{"start":{"line":128,"column":0},"end":{"line":128,"column":23}},"128":{"start":{"line":129,"column":0},"end":{"line":129,"column":30}},"129":{"start":{"line":130,"column":0},"end":{"line":130,"column":28}},"130":{"start":{"line":131,"column":0},"end":{"line":131,"column":30}},"131":{"start":{"line":132,"column":0},"end":{"line":132,"column":31}},"132":{"start":{"line":133,"column":0},"end":{"line":133,"column":29}},"133":{"start":{"line":134,"column":0},"end":{"line":134,"column":32}},"134":{"start":{"line":135,"column":0},"end":{"line":135,"column":29}},"135":{"start":{"line":136,"column":0},"end":{"line":136,"column":30}},"137":{"start":{"line":138,"column":0},"end":{"line":138,"column":26}},"138":{"start":{"line":139,"column":0},"end":{"line":139,"column":24}},"139":{"start":{"line":140,"column":0},"end":{"line":140,"column":26}},"140":{"start":{"line":141,"column":0},"end":{"line":141,"column":27}},"141":{"start":{"line":142,"column":0},"end":{"line":142,"column":25}},"142":{"start":{"line":143,"column":0},"end":{"line":143,"column":28}},"143":{"start":{"line":144,"column":0},"end":{"line":144,"column":25}},"144":{"start":{"line":145,"column":0},"end":{"line":145,"column":26}},"145":{"start":{"line":146,"column":0},"end":{"line":146,"column":26}},"146":{"start":{"line":147,"column":0},"end":{"line":147,"column":33}},"147":{"start":{"line":148,"column":0},"end":{"line":148,"column":31}},"148":{"start":{"line":149,"column":0},"end":{"line":149,"column":33}},"149":{"start":{"line":150,"column":0},"end":{"line":150,"column":34}},"150":{"start":{"line":151,"column":0},"end":{"line":151,"column":32}},"151":{"start":{"line":152,"column":0},"end":{"line":152,"column":35}},"152":{"start":{"line":153,"column":0},"end":{"line":153,"column":32}},"153":{"start":{"line":154,"column":0},"end":{"line":154,"column":33}},"154":{"start":{"line":155,"column":0},"end":{"line":155,"column":8}},"155":{"start":{"line":156,"column":0},"end":{"line":156,"column":10}},"156":{"start":{"line":157,"column":0},"end":{"line":157,"column":7}},"157":{"start":{"line":158,"column":0},"end":{"line":158,"column":7}},"159":{"start":{"line":160,"column":0},"end":{"line":160,"column":48}},"160":{"start":{"line":161,"column":0},"end":{"line":161,"column":52}},"161":{"start":{"line":162,"column":0},"end":{"line":162,"column":4}},"162":{"start":{"line":163,"column":0},"end":{"line":163,"column":1}},"164":{"start":{"line":165,"column":0},"end":{"line":165,"column":49}},"166":{"start":{"line":167,"column":0},"end":{"line":167,"column":22}},"168":{"start":{"line":169,"column":0},"end":{"line":169,"column":7}},"169":{"start":{"line":170,"column":0},"end":{"line":170,"column":8}},"170":{"start":{"line":171,"column":0},"end":{"line":171,"column":7}},"171":{"start":{"line":172,"column":0},"end":{"line":172,"column":6}},"172":{"start":{"line":173,"column":0},"end":{"line":173,"column":9}},"173":{"start":{"line":174,"column":0},"end":{"line":174,"column":12}},"174":{"start":{"line":175,"column":0},"end":{"line":175,"column":10}},"175":{"start":{"line":176,"column":0},"end":{"line":176,"column":9}},"176":{"start":{"line":177,"column":0},"end":{"line":177,"column":16}},"177":{"start":{"line":178,"column":0},"end":{"line":178,"column":8}},"178":{"start":{"line":179,"column":0},"end":{"line":179,"column":6}},"179":{"start":{"line":180,"column":0},"end":{"line":180,"column":8}},"180":{"start":{"line":181,"column":0},"end":{"line":181,"column":9}},"181":{"start":{"line":182,"column":0},"end":{"line":182,"column":7}},"182":{"start":{"line":183,"column":0},"end":{"line":183,"column":10}},"183":{"start":{"line":184,"column":0},"end":{"line":184,"column":7}},"184":{"start":{"line":185,"column":0},"end":{"line":185,"column":8}},"185":{"start":{"line":186,"column":0},"end":{"line":186,"column":7}},"186":{"start":{"line":187,"column":0},"end":{"line":187,"column":14}},"187":{"start":{"line":188,"column":0},"end":{"line":188,"column":12}},"188":{"start":{"line":189,"column":0},"end":{"line":189,"column":14}},"189":{"start":{"line":190,"column":0},"end":{"line":190,"column":15}},"190":{"start":{"line":191,"column":0},"end":{"line":191,"column":13}},"191":{"start":{"line":192,"column":0},"end":{"line":192,"column":16}},"192":{"start":{"line":193,"column":0},"end":{"line":193,"column":13}},"193":{"start":{"line":194,"column":0},"end":{"line":194,"column":14}},"194":{"start":{"line":195,"column":0},"end":{"line":195,"column":10}},"195":{"start":{"line":196,"column":0},"end":{"line":196,"column":8}},"196":{"start":{"line":197,"column":0},"end":{"line":197,"column":10}},"197":{"start":{"line":198,"column":0},"end":{"line":198,"column":11}},"198":{"start":{"line":199,"column":0},"end":{"line":199,"column":9}},"199":{"start":{"line":200,"column":0},"end":{"line":200,"column":12}},"200":{"start":{"line":201,"column":0},"end":{"line":201,"column":9}},"201":{"start":{"line":202,"column":0},"end":{"line":202,"column":10}},"202":{"start":{"line":203,"column":0},"end":{"line":203,"column":9}},"203":{"start":{"line":204,"column":0},"end":{"line":204,"column":14}},"204":{"start":{"line":205,"column":0},"end":{"line":205,"column":16}},"205":{"start":{"line":206,"column":0},"end":{"line":206,"column":17}},"206":{"start":{"line":207,"column":0},"end":{"line":207,"column":15}},"207":{"start":{"line":208,"column":0},"end":{"line":208,"column":18}},"208":{"start":{"line":209,"column":0},"end":{"line":209,"column":15}},"209":{"start":{"line":210,"column":0},"end":{"line":210,"column":16}},"210":{"start":{"line":211,"column":0},"end":{"line":211,"column":16}},"211":{"start":{"line":212,"column":0},"end":{"line":212,"column":6}},"212":{"start":{"line":213,"column":0},"end":{"line":213,"column":5}},"213":{"start":{"line":214,"column":0},"end":{"line":214,"column":8}},"214":{"start":{"line":215,"column":0},"end":{"line":215,"column":8}},"215":{"start":{"line":216,"column":0},"end":{"line":216,"column":5}},"216":{"start":{"line":217,"column":0},"end":{"line":217,"column":11}},"217":{"start":{"line":218,"column":0},"end":{"line":218,"column":6}},"218":{"start":{"line":219,"column":0},"end":{"line":219,"column":11}}},"s":{"1":1,"2":1,"67":372,"68":372,"69":221,"70":221,"71":221,"73":221,"74":11,"75":11,"76":11,"78":221,"79":2,"80":2,"82":221,"83":221,"84":372,"86":1,"88":7,"90":7,"91":0,"92":7,"93":0,"94":7,"95":7,"97":7,"98":2,"99":2,"100":2,"101":2,"102":19,"103":7,"104":2,"105":2,"106":2,"108":7,"109":7,"110":7,"111":7,"112":7,"113":7,"114":7,"115":7,"116":7,"117":7,"119":7,"120":7,"121":7,"122":7,"123":7,"124":7,"125":7,"126":7,"127":7,"128":7,"129":7,"130":7,"131":7,"132":7,"133":7,"134":7,"135":7,"137":7,"138":7,"139":7,"140":7,"141":7,"142":7,"143":7,"144":7,"145":7,"146":7,"147":7,"148":7,"149":7,"150":7,"151":7,"152":7,"153":7,"154":7,"155":7,"156":7,"157":7,"159":7,"160":7,"161":7,"162":7,"164":1,"166":1,"168":1,"169":1,"170":1,"171":1,"172":1,"173":1,"174":1,"175":1,"176":1,"177":1,"178":1,"179":1,"180":1,"181":1,"182":1,"183":1,"184":1,"185":1,"186":1,"187":1,"188":1,"189":1,"190":1,"191":1,"192":1,"193":1,"194":1,"195":1,"196":1,"197":1,"198":1,"199":1,"200":1,"201":1,"202":1,"203":1,"204":1,"205":1,"206":1,"207":1,"208":1,"209":1,"210":1,"211":1,"212":1,"213":1,"214":1,"215":1,"216":1,"217":1,"218":1},"branchMap":{"0":{"type":"branch","line":68,"loc":{"start":{"line":68,"column":0},"end":{"line":85,"column":1}},"locations":[{"start":{"line":68,"column":0},"end":{"line":85,"column":1}}]},"1":{"type":"branch","line":69,"loc":{"start":{"line":69,"column":9},"end":{"line":84,"column":4}},"locations":[{"start":{"line":69,"column":9},"end":{"line":84,"column":4}}]},"2":{"type":"branch","line":74,"loc":{"start":{"line":74,"column":31},"end":{"line":77,"column":5}},"locations":[{"start":{"line":74,"column":31},"end":{"line":77,"column":5}}]},"3":{"type":"branch","line":79,"loc":{"start":{"line":79,"column":29},"end":{"line":81,"column":5}},"locations":[{"start":{"line":79,"column":29},"end":{"line":81,"column":5}}]},"4":{"type":"branch","line":87,"loc":{"start":{"line":87,"column":7},"end":{"line":163,"column":1}},"locations":[{"start":{"line":87,"column":7},"end":{"line":163,"column":1}}]},"5":{"type":"branch","line":89,"loc":{"start":{"line":89,"column":28},"end":{"line":89,"column":44}},"locations":[{"start":{"line":89,"column":28},"end":{"line":89,"column":44}}]},"6":{"type":"branch","line":89,"loc":{"start":{"line":89,"column":32},"end":{"line":89,"column":57}},"locations":[{"start":{"line":89,"column":32},"end":{"line":89,"column":57}}]},"7":{"type":"branch","line":98,"loc":{"start":{"line":98,"column":24},"end":{"line":104,"column":13}},"locations":[{"start":{"line":98,"column":24},"end":{"line":104,"column":13}}]},"8":{"type":"branch","line":104,"loc":{"start":{"line":104,"column":2},"end":{"line":107,"column":3}},"locations":[{"start":{"line":104,"column":2},"end":{"line":107,"column":3}}]},"9":{"type":"branch","line":104,"loc":{"start":{"line":104,"column":31},"end":{"line":107,"column":3}},"locations":[{"start":{"line":104,"column":31},"end":{"line":107,"column":3}}]},"10":{"type":"branch","line":89,"loc":{"start":{"line":89,"column":44},"end":{"line":89,"column":57}},"locations":[{"start":{"line":89,"column":44},"end":{"line":89,"column":57}}]},"11":{"type":"branch","line":95,"loc":{"start":{"line":95,"column":11},"end":{"line":95,"column":63}},"locations":[{"start":{"line":95,"column":11},"end":{"line":95,"column":63}}]},"12":{"type":"branch","line":96,"loc":{"start":{"line":96,"column":11},"end":{"line":96,"column":63}},"locations":[{"start":{"line":96,"column":11},"end":{"line":96,"column":63}}]},"13":{"type":"branch","line":101,"loc":{"start":{"line":101,"column":10},"end":{"line":101,"column":78}},"locations":[{"start":{"line":101,"column":10},"end":{"line":101,"column":78}}]},"14":{"type":"branch","line":102,"loc":{"start":{"line":102,"column":12},"end":{"line":103,"column":42}},"locations":[{"start":{"line":102,"column":12},"end":{"line":103,"column":42}}]},"15":{"type":"branch","line":105,"loc":{"start":{"line":105,"column":10},"end":{"line":105,"column":73}},"locations":[{"start":{"line":105,"column":10},"end":{"line":105,"column":73}}]},"16":{"type":"branch","line":106,"loc":{"start":{"line":106,"column":12},"end":{"line":106,"column":75}},"locations":[{"start":{"line":106,"column":12},"end":{"line":106,"column":75}}]},"17":{"type":"branch","line":160,"loc":{"start":{"line":160,"column":9},"end":{"line":160,"column":48}},"locations":[{"start":{"line":160,"column":9},"end":{"line":160,"column":48}}]},"18":{"type":"branch","line":161,"loc":{"start":{"line":161,"column":11},"end":{"line":161,"column":52}},"locations":[{"start":{"line":161,"column":11},"end":{"line":161,"column":52}}]}},"b":{"0":[372],"1":[221],"2":[11],"3":[2],"4":[7],"5":[6],"6":[1],"7":[2],"8":[5],"9":[2],"10":[43],"11":[38],"12":[38],"13":[19],"14":[19],"15":[19],"16":[19],"17":[20],"18":[20]},"fnMap":{"0":{"name":"formatter","decl":{"start":{"line":68,"column":0},"end":{"line":85,"column":1}},"loc":{"start":{"line":68,"column":0},"end":{"line":85,"column":1}},"line":68},"1":{"name":"createColors","decl":{"start":{"line":87,"column":7},"end":{"line":163,"column":1}},"loc":{"start":{"line":87,"column":7},"end":{"line":163,"column":1}},"line":87},"2":{"name":"wrap","decl":{"start":{"line":89,"column":44},"end":{"line":89,"column":57}},"loc":{"start":{"line":89,"column":44},"end":{"line":89,"column":57}},"line":89},"3":{"name":"rgb2","decl":{"start":{"line":91,"column":12},"end":{"line":92,"column":36}},"loc":{"start":{"line":91,"column":12},"end":{"line":92,"column":36}},"line":91},"4":{"name":"bgRgb2","decl":{"start":{"line":93,"column":14},"end":{"line":94,"column":36}},"loc":{"start":{"line":93,"column":14},"end":{"line":94,"column":36}},"line":93},"5":{"name":"fg2","decl":{"start":{"line":95,"column":11},"end":{"line":95,"column":63}},"loc":{"start":{"line":95,"column":11},"end":{"line":95,"column":63}},"line":95},"6":{"name":"bg2","decl":{"start":{"line":96,"column":11},"end":{"line":96,"column":63}},"loc":{"start":{"line":96,"column":11},"end":{"line":96,"column":63}},"line":96},"7":{"name":"fg2","decl":{"start":{"line":99,"column":9},"end":{"line":99,"column":55}},"loc":{"start":{"line":99,"column":9},"end":{"line":99,"column":55}},"line":99},"8":{"name":"bg2","decl":{"start":{"line":100,"column":9},"end":{"line":100,"column":60}},"loc":{"start":{"line":100,"column":9},"end":{"line":100,"column":60}},"line":100},"9":{"name":"rgb2","decl":{"start":{"line":101,"column":10},"end":{"line":101,"column":78}},"loc":{"start":{"line":101,"column":10},"end":{"line":101,"column":78}},"line":101},"10":{"name":"bgRgb2","decl":{"start":{"line":102,"column":12},"end":{"line":103,"column":42}},"loc":{"start":{"line":102,"column":12},"end":{"line":103,"column":42}},"line":102},"11":{"name":"rgb2","decl":{"start":{"line":105,"column":10},"end":{"line":105,"column":73}},"loc":{"start":{"line":105,"column":10},"end":{"line":105,"column":73}},"line":105},"12":{"name":"bgRgb2","decl":{"start":{"line":106,"column":12},"end":{"line":106,"column":75}},"loc":{"start":{"line":106,"column":12},"end":{"line":106,"column":75}},"line":106},"13":{"name":"hex","decl":{"start":{"line":160,"column":9},"end":{"line":160,"column":48}},"loc":{"start":{"line":160,"column":9},"end":{"line":160,"column":48}},"line":160},"14":{"name":"bgHex","decl":{"start":{"line":161,"column":11},"end":{"line":161,"column":52}},"loc":{"start":{"line":161,"column":11},"end":{"line":161,"column":52}},"line":161}},"f":{"0":372,"1":7,"2":43,"3":0,"4":0,"5":38,"6":38,"7":0,"8":0,"9":19,"10":19,"11":19,"12":19,"13":20,"14":20}}
,"/Users/luxass/dev/farver/src/index.ts": {"path":"/Users/luxass/dev/farver/src/index.ts","all":false,"statementMap":{"1":{"start":{"line":2,"column":0},"end":{"line":2,"column":49}},"2":{"start":{"line":3,"column":0},"end":{"line":3,"column":75}},"69":{"start":{"line":70,"column":0},"end":{"line":70,"column":61}},"70":{"start":{"line":71,"column":0},"end":{"line":71,"column":33}},"71":{"start":{"line":72,"column":0},"end":{"line":72,"column":23}},"72":{"start":{"line":73,"column":0},"end":{"line":73,"column":27}},"73":{"start":{"line":74,"column":0},"end":{"line":74,"column":25}},"74":{"start":{"line":75,"column":0},"end":{"line":75,"column":19}},"75":{"start":{"line":76,"column":0},"end":{"line":76,"column":19}},"76":{"start":{"line":77,"column":0},"end":{"line":77,"column":64}},"77":{"start":{"line":78,"column":0},"end":{"line":78,"column":5}},"78":{"start":{"line":79,"column":0},"end":{"line":79,"column":28}},"79":{"start":{"line":80,"column":0},"end":{"line":80,"column":37}},"80":{"start":{"line":81,"column":0},"end":{"line":81,"column":25}},"81":{"start":{"line":82,"column":0},"end":{"line":82,"column":7}},"83":{"start":{"line":84,"column":0},"end":{"line":84,"column":34}},"84":{"start":{"line":85,"column":0},"end":{"line":85,"column":40}},"85":{"start":{"line":86,"column":0},"end":{"line":86,"column":59}},"86":{"start":{"line":87,"column":0},"end":{"line":87,"column":7}},"88":{"start":{"line":89,"column":0},"end":{"line":89,"column":32}},"89":{"start":{"line":90,"column":0},"end":{"line":90,"column":76}},"90":{"start":{"line":91,"column":0},"end":{"line":91,"column":7}},"92":{"start":{"line":93,"column":0},"end":{"line":93,"column":53}},"93":{"start":{"line":94,"column":0},"end":{"line":94,"column":31}},"94":{"start":{"line":95,"column":0},"end":{"line":95,"column":4}},"95":{"start":{"line":96,"column":0},"end":{"line":96,"column":1}},"97":{"start":{"line":98,"column":0},"end":{"line":98,"column":80}},"98":{"start":{"line":99,"column":0},"end":{"line":99,"column":38}},"99":{"start":{"line":100,"column":0},"end":{"line":100,"column":46}},"101":{"start":{"line":102,"column":0},"end":{"line":102,"column":62}},"102":{"start":{"line":103,"column":0},"end":{"line":103,"column":36}},"103":{"start":{"line":104,"column":0},"end":{"line":104,"column":64}},"104":{"start":{"line":105,"column":0},"end":{"line":105,"column":36}},"105":{"start":{"line":106,"column":0},"end":{"line":106,"column":68}},"106":{"start":{"line":107,"column":0},"end":{"line":107,"column":68}},"107":{"start":{"line":108,"column":0},"end":{"line":108,"column":25}},"108":{"start":{"line":109,"column":0},"end":{"line":109,"column":55}},"109":{"start":{"line":110,"column":0},"end":{"line":110,"column":60}},"110":{"start":{"line":111,"column":0},"end":{"line":111,"column":78}},"111":{"start":{"line":112,"column":0},"end":{"line":112,"column":48}},"112":{"start":{"line":113,"column":0},"end":{"line":113,"column":42}},"113":{"start":{"line":114,"column":0},"end":{"line":114,"column":32}},"114":{"start":{"line":115,"column":0},"end":{"line":115,"column":73}},"115":{"start":{"line":116,"column":0},"end":{"line":116,"column":75}},"116":{"start":{"line":117,"column":0},"end":{"line":117,"column":3}},"118":{"start":{"line":119,"column":0},"end":{"line":119,"column":25}},"119":{"start":{"line":120,"column":0},"end":{"line":120,"column":22}},"120":{"start":{"line":121,"column":0},"end":{"line":121,"column":22}},"121":{"start":{"line":122,"column":0},"end":{"line":122,"column":21}},"122":{"start":{"line":123,"column":0},"end":{"line":123,"column":24}},"123":{"start":{"line":124,"column":0},"end":{"line":124,"column":27}},"124":{"start":{"line":125,"column":0},"end":{"line":125,"column":27}},"125":{"start":{"line":126,"column":0},"end":{"line":126,"column":25}},"126":{"start":{"line":127,"column":0},"end":{"line":127,"column":24}},"127":{"start":{"line":128,"column":0},"end":{"line":128,"column":31}},"129":{"start":{"line":130,"column":0},"end":{"line":130,"column":24}},"130":{"start":{"line":131,"column":0},"end":{"line":131,"column":22}},"131":{"start":{"line":132,"column":0},"end":{"line":132,"column":24}},"132":{"start":{"line":133,"column":0},"end":{"line":133,"column":25}},"133":{"start":{"line":134,"column":0},"end":{"line":134,"column":23}},"134":{"start":{"line":135,"column":0},"end":{"line":135,"column":26}},"135":{"start":{"line":136,"column":0},"end":{"line":136,"column":23}},"136":{"start":{"line":137,"column":0},"end":{"line":137,"column":24}},"137":{"start":{"line":138,"column":0},"end":{"line":138,"column":23}},"138":{"start":{"line":139,"column":0},"end":{"line":139,"column":30}},"139":{"start":{"line":140,"column":0},"end":{"line":140,"column":28}},"140":{"start":{"line":141,"column":0},"end":{"line":141,"column":30}},"141":{"start":{"line":142,"column":0},"end":{"line":142,"column":31}},"142":{"start":{"line":143,"column":0},"end":{"line":143,"column":29}},"143":{"start":{"line":144,"column":0},"end":{"line":144,"column":32}},"144":{"start":{"line":145,"column":0},"end":{"line":145,"column":29}},"145":{"start":{"line":146,"column":0},"end":{"line":146,"column":30}},"147":{"start":{"line":148,"column":0},"end":{"line":148,"column":26}},"148":{"start":{"line":149,"column":0},"end":{"line":149,"column":24}},"149":{"start":{"line":150,"column":0},"end":{"line":150,"column":26}},"150":{"start":{"line":151,"column":0},"end":{"line":151,"column":27}},"151":{"start":{"line":152,"column":0},"end":{"line":152,"column":25}},"152":{"start":{"line":153,"column":0},"end":{"line":153,"column":28}},"153":{"start":{"line":154,"column":0},"end":{"line":154,"column":25}},"154":{"start":{"line":155,"column":0},"end":{"line":155,"column":26}},"155":{"start":{"line":156,"column":0},"end":{"line":156,"column":26}},"156":{"start":{"line":157,"column":0},"end":{"line":157,"column":33}},"157":{"start":{"line":158,"column":0},"end":{"line":158,"column":31}},"158":{"start":{"line":159,"column":0},"end":{"line":159,"column":33}},"159":{"start":{"line":160,"column":0},"end":{"line":160,"column":34}},"160":{"start":{"line":161,"column":0},"end":{"line":161,"column":32}},"161":{"start":{"line":162,"column":0},"end":{"line":162,"column":35}},"162":{"start":{"line":163,"column":0},"end":{"line":163,"column":32}},"163":{"start":{"line":164,"column":0},"end":{"line":164,"column":33}},"165":{"start":{"line":166,"column":0},"end":{"line":166,"column":8}},"166":{"start":{"line":167,"column":0},"end":{"line":167,"column":10}},"167":{"start":{"line":168,"column":0},"end":{"line":168,"column":7}},"168":{"start":{"line":169,"column":0},"end":{"line":169,"column":7}},"170":{"start":{"line":171,"column":0},"end":{"line":171,"column":48}},"171":{"start":{"line":172,"column":0},"end":{"line":172,"column":52}},"172":{"start":{"line":173,"column":0},"end":{"line":173,"column":5}},"174":{"start":{"line":175,"column":0},"end":{"line":175,"column":16}},"175":{"start":{"line":176,"column":0},"end":{"line":176,"column":1}},"177":{"start":{"line":178,"column":0},"end":{"line":178,"column":45}},"179":{"start":{"line":180,"column":0},"end":{"line":180,"column":22}},"181":{"start":{"line":182,"column":0},"end":{"line":182,"column":60}},"182":{"start":{"line":183,"column":0},"end":{"line":183,"column":27}},"183":{"start":{"line":184,"column":0},"end":{"line":184,"column":23}},"184":{"start":{"line":185,"column":0},"end":{"line":185,"column":34}},"185":{"start":{"line":186,"column":0},"end":{"line":186,"column":58}},"187":{"start":{"line":188,"column":0},"end":{"line":188,"column":12}},"188":{"start":{"line":189,"column":0},"end":{"line":189,"column":24}},"189":{"start":{"line":190,"column":0},"end":{"line":190,"column":29}},"190":{"start":{"line":191,"column":0},"end":{"line":191,"column":26}},"191":{"start":{"line":192,"column":0},"end":{"line":192,"column":26}},"192":{"start":{"line":193,"column":0},"end":{"line":193,"column":27}},"193":{"start":{"line":194,"column":0},"end":{"line":194,"column":29}},"194":{"start":{"line":195,"column":0},"end":{"line":195,"column":11}},"195":{"start":{"line":196,"column":0},"end":{"line":196,"column":39}},"196":{"start":{"line":197,"column":0},"end":{"line":197,"column":29}},"198":{"start":{"line":199,"column":0},"end":{"line":199,"column":51}},"199":{"start":{"line":200,"column":0},"end":{"line":200,"column":36}},"200":{"start":{"line":201,"column":0},"end":{"line":201,"column":30}},"201":{"start":{"line":202,"column":0},"end":{"line":202,"column":9}},"203":{"start":{"line":204,"column":0},"end":{"line":204,"column":21}},"204":{"start":{"line":205,"column":0},"end":{"line":205,"column":19}},"206":{"start":{"line":207,"column":0},"end":{"line":207,"column":31}},"207":{"start":{"line":208,"column":0},"end":{"line":208,"column":24}},"208":{"start":{"line":209,"column":0},"end":{"line":209,"column":10}},"209":{"start":{"line":210,"column":0},"end":{"line":210,"column":7}},"211":{"start":{"line":212,"column":0},"end":{"line":212,"column":41}},"212":{"start":{"line":213,"column":0},"end":{"line":213,"column":6}},"213":{"start":{"line":214,"column":0},"end":{"line":214,"column":5}},"214":{"start":{"line":215,"column":0},"end":{"line":215,"column":1}},"216":{"start":{"line":217,"column":0},"end":{"line":217,"column":7}},"217":{"start":{"line":218,"column":0},"end":{"line":218,"column":8}},"218":{"start":{"line":219,"column":0},"end":{"line":219,"column":7}},"219":{"start":{"line":220,"column":0},"end":{"line":220,"column":6}},"220":{"start":{"line":221,"column":0},"end":{"line":221,"column":9}},"221":{"start":{"line":222,"column":0},"end":{"line":222,"column":12}},"222":{"start":{"line":223,"column":0},"end":{"line":223,"column":10}},"223":{"start":{"line":224,"column":0},"end":{"line":224,"column":9}},"224":{"start":{"line":225,"column":0},"end":{"line":225,"column":16}},"225":{"start":{"line":226,"column":0},"end":{"line":226,"column":8}},"226":{"start":{"line":227,"column":0},"end":{"line":227,"column":6}},"227":{"start":{"line":228,"column":0},"end":{"line":228,"column":8}},"228":{"start":{"line":229,"column":0},"end":{"line":229,"column":9}},"229":{"start":{"line":230,"column":0},"end":{"line":230,"column":7}},"230":{"start":{"line":231,"column":0},"end":{"line":231,"column":10}},"231":{"start":{"line":232,"column":0},"end":{"line":232,"column":7}},"232":{"start":{"line":233,"column":0},"end":{"line":233,"column":8}},"233":{"start":{"line":234,"column":0},"end":{"line":234,"column":7}},"234":{"start":{"line":235,"column":0},"end":{"line":235,"column":14}},"235":{"start":{"line":236,"column":0},"end":{"line":236,"column":12}},"236":{"start":{"line":237,"column":0},"end":{"line":237,"column":14}},"237":{"start":{"line":238,"column":0},"end":{"line":238,"column":15}},"238":{"start":{"line":239,"column":0},"end":{"line":239,"column":13}},"239":{"start":{"line":240,"column":0},"end":{"line":240,"column":16}},"240":{"start":{"line":241,"column":0},"end":{"line":241,"column":13}},"241":{"start":{"line":242,"column":0},"end":{"line":242,"column":14}},"242":{"start":{"line":243,"column":0},"end":{"line":243,"column":10}},"243":{"start":{"line":244,"column":0},"end":{"line":244,"column":8}},"244":{"start":{"line":245,"column":0},"end":{"line":245,"column":10}},"245":{"start":{"line":246,"column":0},"end":{"line":246,"column":11}},"246":{"start":{"line":247,"column":0},"end":{"line":247,"column":9}},"247":{"start":{"line":248,"column":0},"end":{"line":248,"column":12}},"248":{"start":{"line":249,"column":0},"end":{"line":249,"column":9}},"249":{"start":{"line":250,"column":0},"end":{"line":250,"column":10}},"250":{"start":{"line":251,"column":0},"end":{"line":251,"column":9}},"251":{"start":{"line":252,"column":0},"end":{"line":252,"column":14}},"252":{"start":{"line":253,"column":0},"end":{"line":253,"column":16}},"253":{"start":{"line":254,"column":0},"end":{"line":254,"column":17}},"254":{"start":{"line":255,"column":0},"end":{"line":255,"column":15}},"255":{"start":{"line":256,"column":0},"end":{"line":256,"column":18}},"256":{"start":{"line":257,"column":0},"end":{"line":257,"column":15}},"257":{"start":{"line":258,"column":0},"end":{"line":258,"column":16}},"258":{"start":{"line":259,"column":0},"end":{"line":259,"column":16}},"259":{"start":{"line":260,"column":0},"end":{"line":260,"column":6}},"260":{"start":{"line":261,"column":0},"end":{"line":261,"column":5}},"261":{"start":{"line":262,"column":0},"end":{"line":262,"column":8}},"262":{"start":{"line":263,"column":0},"end":{"line":263,"column":8}},"263":{"start":{"line":264,"column":0},"end":{"line":264,"column":5}},"264":{"start":{"line":265,"column":0},"end":{"line":265,"column":11}},"265":{"start":{"line":266,"column":0},"end":{"line":266,"column":6}},"266":{"start":{"line":267,"column":0},"end":{"line":267,"column":11}},"268":{"start":{"line":269,"column":0},"end":{"line":269,"column":33}},"269":{"start":{"line":270,"column":0},"end":{"line":270,"column":8}},"270":{"start":{"line":271,"column":0},"end":{"line":271,"column":6}},"271":{"start":{"line":272,"column":0},"end":{"line":272,"column":8}},"272":{"start":{"line":273,"column":0},"end":{"line":273,"column":9}},"273":{"start":{"line":274,"column":0},"end":{"line":274,"column":7}},"274":{"start":{"line":275,"column":0},"end":{"line":275,"column":10}},"275":{"start":{"line":276,"column":0},"end":{"line":276,"column":7}},"276":{"start":{"line":277,"column":0},"end":{"line":277,"column":8}},"277":{"start":{"line":278,"column":0},"end":{"line":278,"column":7}},"278":{"start":{"line":279,"column":0},"end":{"line":279,"column":14}},"279":{"start":{"line":280,"column":0},"end":{"line":280,"column":12}},"280":{"start":{"line":281,"column":0},"end":{"line":281,"column":14}},"281":{"start":{"line":282,"column":0},"end":{"line":282,"column":15}},"282":{"start":{"line":283,"column":0},"end":{"line":283,"column":13}},"283":{"start":{"line":284,"column":0},"end":{"line":284,"column":16}},"284":{"start":{"line":285,"column":0},"end":{"line":285,"column":13}},"285":{"start":{"line":286,"column":0},"end":{"line":286,"column":14}},"286":{"start":{"line":287,"column":0},"end":{"line":287,"column":2}},"288":{"start":{"line":289,"column":0},"end":{"line":289,"column":33}},"289":{"start":{"line":290,"column":0},"end":{"line":290,"column":10}},"290":{"start":{"line":291,"column":0},"end":{"line":291,"column":8}},"291":{"start":{"line":292,"column":0},"end":{"line":292,"column":10}},"292":{"start":{"line":293,"column":0},"end":{"line":293,"column":11}},"293":{"start":{"line":294,"column":0},"end":{"line":294,"column":9}},"294":{"start":{"line":295,"column":0},"end":{"line":295,"column":12}},"295":{"start":{"line":296,"column":0},"end":{"line":296,"column":9}},"296":{"start":{"line":297,"column":0},"end":{"line":297,"column":10}},"297":{"start":{"line":298,"column":0},"end":{"line":298,"column":9}},"298":{"start":{"line":299,"column":0},"end":{"line":299,"column":14}},"299":{"start":{"line":300,"column":0},"end":{"line":300,"column":16}},"300":{"start":{"line":301,"column":0},"end":{"line":301,"column":17}},"301":{"start":{"line":302,"column":0},"end":{"line":302,"column":15}},"302":{"start":{"line":303,"column":0},"end":{"line":303,"column":18}},"303":{"start":{"line":304,"column":0},"end":{"line":304,"column":15}},"304":{"start":{"line":305,"column":0},"end":{"line":305,"column":16}},"305":{"start":{"line":306,"column":0},"end":{"line":306,"column":16}},"306":{"start":{"line":307,"column":0},"end":{"line":307,"column":2}},"308":{"start":{"line":309,"column":0},"end":{"line":309,"column":26}},"309":{"start":{"line":310,"column":0},"end":{"line":310,"column":8}},"310":{"start":{"line":311,"column":0},"end":{"line":311,"column":7}},"311":{"start":{"line":312,"column":0},"end":{"line":312,"column":6}},"312":{"start":{"line":313,"column":0},"end":{"line":313,"column":9}},"313":{"start":{"line":314,"column":0},"end":{"line":314,"column":12}},"314":{"start":{"line":315,"column":0},"end":{"line":315,"column":10}},"315":{"start":{"line":316,"column":0},"end":{"line":316,"column":9}},"316":{"start":{"line":317,"column":0},"end":{"line":317,"column":11}},"317":{"start":{"line":318,"column":0},"end":{"line":318,"column":16}},"318":{"start":{"line":319,"column":0},"end":{"line":319,"column":2}}},"s":{"1":1,"2":1,"69":9,"70":9,"71":9,"72":513,"73":513,"74":513,"75":513,"76":43,"77":43,"78":470,"79":237,"80":25,"81":25,"83":237,"84":23,"85":23,"86":23,"88":237,"89":2,"90":2,"92":237,"93":470,"94":513,"95":9,"97":1,"98":9,"99":9,"101":9,"102":0,"103":9,"104":0,"105":9,"106":9,"107":9,"108":3,"109":3,"110":3,"111":3,"112":21,"113":9,"114":3,"115":3,"116":3,"118":9,"119":9,"120":9,"121":9,"122":9,"123":9,"124":9,"125":9,"126":9,"127":9,"129":9,"130":9,"131":9,"132":9,"133":9,"134":9,"135":9,"136":9,"137":9,"138":9,"139":9,"140":9,"141":9,"142":9,"143":9,"144":9,"145":9,"147":9,"148":9,"149":9,"150":9,"151":9,"152":9,"153":9,"154":9,"155":9,"156":9,"157":9,"158":9,"159":9,"160":9,"161":9,"162":9,"163":9,"165":9,"166":9,"167":9,"168":9,"170":9,"171":9,"172":9,"174":9,"175":9,"177":1,"179":1,"181":532,"182":532,"183":532,"184":19,"185":19,"187":19,"188":19,"189":19,"190":17,"191":14,"192":13,"193":7,"194":19,"195":12,"196":12,"198":12,"199":12,"200":12,"201":12,"203":7,"204":7,"206":7,"207":7,"208":7,"209":7,"211":0,"212":19,"213":532,"214":532,"216":1,"217":1,"218":1,"219":1,"220":1,"221":1,"222":1,"223":1,"224":1,"225":1,"226":1,"227":1,"228":1,"229":1,"230":1,"231":1,"232":1,"233":1,"234":1,"235":1,"236":1,"237":1,"238":1,"239":1,"240":1,"241":1,"242":1,"243":1,"244":1,"245":1,"246":1,"247":1,"248":1,"249":1,"250":1,"251":1,"252":1,"253":1,"254":1,"255":1,"256":1,"257":1,"258":1,"259":1,"260":1,"261":1,"262":1,"263":1,"264":1,"265":1,"266":1,"268":1,"269":1,"270":1,"271":1,"272":1,"273":1,"274":1,"275":1,"276":1,"277":1,"278":1,"279":1,"280":1,"281":1,"282":1,"283":1,"284":1,"285":1,"286":1,"288":1,"289":1,"290":1,"291":1,"292":1,"293":1,"294":1,"295":1,"296":1,"297":1,"298":1,"299":1,"300":1,"301":1,"302":1,"303":1,"304":1,"305":1,"306":1,"308":1,"309":1,"310":1,"311":1,"312":1,"313":1,"314":1,"315":1,"316":1,"317":1,"318":1},"branchMap":{"0":{"type":"branch","line":70,"loc":{"start":{"line":70,"column":0},"end":{"line":96,"column":1}},"locations":[{"start":{"line":70,"column":0},"end":{"line":96,"column":1}}]},"1":{"type":"branch","line":72,"loc":{"start":{"line":72,"column":9},"end":{"line":95,"column":4}},"locations":[{"start":{"line":72,"column":9},"end":{"line":95,"column":4}}]},"2":{"type":"branch","line":76,"loc":{"start":{"line":76,"column":18},"end":{"line":78,"column":5}},"locations":[{"start":{"line":76,"column":18},"end":{"line":78,"column":5}}]},"3":{"type":"branch","line":78,"loc":{"start":{"line":78,"column":4},"end":{"line":94,"column":31}},"locations":[{"start":{"line":78,"column":4},"end":{"line":94,"column":31}}]},"4":{"type":"branch","line":77,"loc":{"start":{"line":77,"column":19},"end":{"line":77,"column":40}},"locations":[{"start":{"line":77,"column":19},"end":{"line":77,"column":40}}]},"5":{"type":"branch","line":79,"loc":{"start":{"line":79,"column":17},"end":{"line":94,"column":7}},"locations":[{"start":{"line":79,"column":17},"end":{"line":94,"column":7}}]},"6":{"type":"branch","line":80,"loc":{"start":{"line":80,"column":36},"end":{"line":82,"column":7}},"locations":[{"start":{"line":80,"column":36},"end":{"line":82,"column":7}}]},"7":{"type":"branch","line":84,"loc":{"start":{"line":84,"column":33},"end":{"line":87,"column":7}},"locations":[{"start":{"line":84,"column":33},"end":{"line":87,"column":7}}]},"8":{"type":"branch","line":89,"loc":{"start":{"line":89,"column":31},"end":{"line":91,"column":7}},"locations":[{"start":{"line":89,"column":31},"end":{"line":91,"column":7}}]},"9":{"type":"branch","line":98,"loc":{"start":{"line":98,"column":7},"end":{"line":176,"column":1}},"locations":[{"start":{"line":98,"column":7},"end":{"line":176,"column":1}}]},"10":{"type":"branch","line":108,"loc":{"start":{"line":108,"column":24},"end":{"line":114,"column":13}},"locations":[{"start":{"line":108,"column":24},"end":{"line":114,"column":13}}]},"11":{"type":"branch","line":114,"loc":{"start":{"line":114,"column":2},"end":{"line":117,"column":3}},"locations":[{"start":{"line":114,"column":2},"end":{"line":117,"column":3}}]},"12":{"type":"branch","line":114,"loc":{"start":{"line":114,"column":31},"end":{"line":117,"column":3}},"locations":[{"start":{"line":114,"column":31},"end":{"line":117,"column":3}}]},"13":{"type":"branch","line":106,"loc":{"start":{"line":106,"column":11},"end":{"line":106,"column":68}},"locations":[{"start":{"line":106,"column":11},"end":{"line":106,"column":68}}]},"14":{"type":"branch","line":107,"loc":{"start":{"line":107,"column":11},"end":{"line":107,"column":68}},"locations":[{"start":{"line":107,"column":11},"end":{"line":107,"column":68}}]},"15":{"type":"branch","line":111,"loc":{"start":{"line":111,"column":10},"end":{"line":111,"column":78}},"locations":[{"start":{"line":111,"column":10},"end":{"line":111,"column":78}}]},"16":{"type":"branch","line":112,"loc":{"start":{"line":112,"column":12},"end":{"line":113,"column":42}},"locations":[{"start":{"line":112,"column":12},"end":{"line":113,"column":42}}]},"17":{"type":"branch","line":115,"loc":{"start":{"line":115,"column":10},"end":{"line":115,"column":73}},"locations":[{"start":{"line":115,"column":10},"end":{"line":115,"column":73}}]},"18":{"type":"branch","line":116,"loc":{"start":{"line":116,"column":12},"end":{"line":116,"column":75}},"locations":[{"start":{"line":116,"column":12},"end":{"line":116,"column":75}}]},"19":{"type":"branch","line":171,"loc":{"start":{"line":171,"column":9},"end":{"line":171,"column":48}},"locations":[{"start":{"line":171,"column":9},"end":{"line":171,"column":48}}]},"20":{"type":"branch","line":172,"loc":{"start":{"line":172,"column":11},"end":{"line":172,"column":52}},"locations":[{"start":{"line":172,"column":11},"end":{"line":172,"column":52}}]},"21":{"type":"branch","line":182,"loc":{"start":{"line":182,"column":0},"end":{"line":215,"column":1}},"locations":[{"start":{"line":182,"column":0},"end":{"line":215,"column":1}}]},"22":{"type":"branch","line":184,"loc":{"start":{"line":184,"column":4},"end":{"line":213,"column":6}},"locations":[{"start":{"line":184,"column":4},"end":{"line":213,"column":6}}]},"23":{"type":"branch","line":190,"loc":{"start":{"line":190,"column":22},"end":{"line":191,"column":26}},"locations":[{"start":{"line":190,"column":22},"end":{"line":191,"column":26}}]},"24":{"type":"branch","line":191,"loc":{"start":{"line":191,"column":22},"end":{"line":192,"column":26}},"locations":[{"start":{"line":191,"column":22},"end":{"line":192,"column":26}}]},"25":{"type":"branch","line":192,"loc":{"start":{"line":192,"column":22},"end":{"line":193,"column":27}},"locations":[{"start":{"line":192,"column":22},"end":{"line":193,"column":27}}]},"26":{"type":"branch","line":193,"loc":{"start":{"line":193,"column":22},"end":{"line":194,"column":29}},"locations":[{"start":{"line":193,"column":22},"end":{"line":194,"column":29}}]},"27":{"type":"branch","line":195,"loc":{"start":{"line":195,"column":10},"end":{"line":202,"column":9}},"locations":[{"start":{"line":195,"column":10},"end":{"line":202,"column":9}}]},"28":{"type":"branch","line":202,"loc":{"start":{"line":202,"column":8},"end":{"line":210,"column":7}},"locations":[{"start":{"line":202,"column":8},"end":{"line":210,"column":7}}]},"29":{"type":"branch","line":210,"loc":{"start":{"line":210,"column":6},"end":{"line":212,"column":41}},"locations":[{"start":{"line":210,"column":6},"end":{"line":212,"column":41}}]},"30":{"type":"branch","line":196,"loc":{"start":{"line":196,"column":17},"end":{"line":201,"column":30}},"locations":[{"start":{"line":196,"column":17},"end":{"line":201,"column":30}}]},"31":{"type":"branch","line":197,"loc":{"start":{"line":197,"column":18},"end":{"line":201,"column":15}},"locations":[{"start":{"line":197,"column":18},"end":{"line":201,"column":15}}]},"32":{"type":"branch","line":205,"loc":{"start":{"line":205,"column":10},"end":{"line":207,"column":31}},"locations":[{"start":{"line":205,"column":10},"end":{"line":207,"column":31}}]}},"b":{"0":[9],"1":[513],"2":[43],"3":[470],"4":[34],"5":[237],"6":[25],"7":[23],"8":[2],"9":[9],"10":[3],"11":[6],"12":[3],"13":[42],"14":[42],"15":[21],"16":[21],"17":[21],"18":[21],"19":[24],"20":[22],"21":[532],"22":[19],"23":[17],"24":[14],"25":[13],"26":[7],"27":[12],"28":[7],"29":[0],"30":[12],"31":[12],"32":[7]},"fnMap":{"0":{"name":"createWrap","decl":{"start":{"line":70,"column":0},"end":{"line":96,"column":1}},"loc":{"start":{"line":70,"column":0},"end":{"line":96,"column":1}},"line":70},"1":{"name":"wrap","decl":{"start":{"line":72,"column":9},"end":{"line":95,"column":4}},"loc":{"start":{"line":72,"column":9},"end":{"line":95,"column":4}},"line":72},"2":{"name":"createColors","decl":{"start":{"line":98,"column":7},"end":{"line":176,"column":1}},"loc":{"start":{"line":98,"column":7},"end":{"line":176,"column":1}},"line":98},"3":{"name":"rgb2","decl":{"start":{"line":102,"column":12},"end":{"line":103,"column":36}},"loc":{"start":{"line":102,"column":12},"end":{"line":103,"column":36}},"line":102},"4":{"name":"bgRgb2","decl":{"start":{"line":104,"column":14},"end":{"line":105,"column":36}},"loc":{"start":{"line":104,"column":14},"end":{"line":105,"column":36}},"line":104},"5":{"name":"fg2","decl":{"start":{"line":106,"column":11},"end":{"line":106,"column":68}},"loc":{"start":{"line":106,"column":11},"end":{"line":106,"column":68}},"line":106},"6":{"name":"bg2","decl":{"start":{"line":107,"column":11},"end":{"line":107,"column":68}},"loc":{"start":{"line":107,"column":11},"end":{"line":107,"column":68}},"line":107},"7":{"name":"fg2","decl":{"start":{"line":109,"column":9},"end":{"line":109,"column":55}},"loc":{"start":{"line":109,"column":9},"end":{"line":109,"column":55}},"line":109},"8":{"name":"bg2","decl":{"start":{"line":110,"column":9},"end":{"line":110,"column":60}},"loc":{"start":{"line":110,"column":9},"end":{"line":110,"column":60}},"line":110},"9":{"name":"rgb2","decl":{"start":{"line":111,"column":10},"end":{"line":111,"column":78}},"loc":{"start":{"line":111,"column":10},"end":{"line":111,"column":78}},"line":111},"10":{"name":"bgRgb2","decl":{"start":{"line":112,"column":12},"end":{"line":113,"column":42}},"loc":{"start":{"line":112,"column":12},"end":{"line":113,"column":42}},"line":112},"11":{"name":"rgb2","decl":{"start":{"line":115,"column":10},"end":{"line":115,"column":73}},"loc":{"start":{"line":115,"column":10},"end":{"line":115,"column":73}},"line":115},"12":{"name":"bgRgb2","decl":{"start":{"line":116,"column":12},"end":{"line":116,"column":75}},"loc":{"start":{"line":116,"column":12},"end":{"line":116,"column":75}},"line":116},"13":{"name":"hex","decl":{"start":{"line":171,"column":9},"end":{"line":171,"column":48}},"loc":{"start":{"line":171,"column":9},"end":{"line":171,"column":48}},"line":171},"14":{"name":"bgHex","decl":{"start":{"line":172,"column":11},"end":{"line":172,"column":52}},"loc":{"start":{"line":172,"column":11},"end":{"line":172,"column":52}},"line":172},"15":{"name":"chain","decl":{"start":{"line":182,"column":0},"end":{"line":215,"column":1}},"loc":{"start":{"line":182,"column":0},"end":{"line":215,"column":1}},"line":182},"16":{"name":"get","decl":{"start":{"line":184,"column":4},"end":{"line":213,"column":6}},"loc":{"start":{"line":184,"column":4},"end":{"line":213,"column":6}},"line":184}},"f":{"0":9,"1":513,"2":9,"3":0,"4":0,"5":42,"6":42,"7":0,"8":0,"9":21,"10":21,"11":21,"12":21,"13":24,"14":22,"15":532,"16":19}}
,"/Users/luxass/dev/farver/src/supports.ts": {"path":"/Users/luxass/dev/farver/src/supports.ts","all":true,"statementMap":{"0":{"start":{"line":1,"column":0},"end":{"line":1,"column":8}}},"s":{"0":0},"branchMap":{"0":{"type":"branch","line":1,"loc":{"start":{"line":1,"column":294},"end":{"line":13,"column":51}},"locations":[{"start":{"line":1,"column":294},"end":{"line":13,"column":51}}]}},"b":{"0":[0]},"fnMap":{"0":{"name":"(empty-report)","decl":{"start":{"line":1,"column":294},"end":{"line":13,"column":51}},"loc":{"start":{"line":1,"column":294},"end":{"line":13,"column":51}},"line":1}},"f":{"0":0}}
,"/Users/luxass/dev/farver/src/utils.ts": {"path":"/Users/luxass/dev/farver/src/utils.ts","all":false,"statementMap":{"21":{"start":{"line":22,"column":0},"end":{"line":22,"column":74}},"22":{"start":{"line":23,"column":0},"end":{"line":23,"column":52}},"23":{"start":{"line":24,"column":0},"end":{"line":24,"column":31}},"25":{"start":{"line":26,"column":0},"end":{"line":26,"column":27}},"26":{"start":{"line":27,"column":0},"end":{"line":27,"column":77}},"27":{"start":{"line":28,"column":0},"end":{"line":28,"column":34}},"28":{"start":{"line":29,"column":0},"end":{"line":29,"column":21}},"29":{"start":{"line":30,"column":0},"end":{"line":30,"column":3}},"32":{"start":{"line":33,"column":0},"end":{"line":33,"column":39}},"34":{"start":{"line":35,"column":0},"end":{"line":35,"column":58}},"35":{"start":{"line":36,"column":0},"end":{"line":36,"column":1}},"65":{"start":{"line":66,"column":0},"end":{"line":66,"column":71}},"67":{"start":{"line":68,"column":0},"end":{"line":68,"column":27}},"68":{"start":{"line":69,"column":0},"end":{"line":69,"column":25}},"69":{"start":{"line":70,"column":0},"end":{"line":70,"column":28}},"70":{"start":{"line":71,"column":0},"end":{"line":71,"column":50}},"71":{"start":{"line":72,"column":0},"end":{"line":72,"column":3}},"73":{"start":{"line":74,"column":0},"end":{"line":74,"column":10}},"74":{"start":{"line":75,"column":0},"end":{"line":75,"column":6}},"76":{"start":{"line":77,"column":0},"end":{"line":77,"column":29}},"77":{"start":{"line":78,"column":0},"end":{"line":78,"column":28}},"78":{"start":{"line":79,"column":0},"end":{"line":79,"column":24}},"80":{"start":{"line":81,"column":0},"end":{"line":81,"column":1}},"103":{"start":{"line":104,"column":0},"end":{"line":104,"column":51}},"105":{"start":{"line":106,"column":0},"end":{"line":106,"column":33}},"108":{"start":{"line":109,"column":0},"end":{"line":109,"column":40}},"110":{"start":{"line":111,"column":0},"end":{"line":111,"column":16}},"111":{"start":{"line":112,"column":0},"end":{"line":112,"column":16}},"112":{"start":{"line":113,"column":0},"end":{"line":113,"column":16}},"115":{"start":{"line":116,"column":0},"end":{"line":116,"column":20}},"116":{"start":{"line":117,"column":0},"end":{"line":117,"column":46}},"117":{"start":{"line":118,"column":0},"end":{"line":118,"column":10}},"118":{"start":{"line":119,"column":0},"end":{"line":119,"column":15}},"119":{"start":{"line":120,"column":0},"end":{"line":120,"column":32}},"121":{"start":{"line":122,"column":0},"end":{"line":122,"column":34}},"122":{"start":{"line":123,"column":0},"end":{"line":123,"column":38}},"123":{"start":{"line":124,"column":0},"end":{"line":124,"column":28}},"124":{"start":{"line":125,"column":0},"end":{"line":125,"column":3}},"126":{"start":{"line":127,"column":0},"end":{"line":127,"column":38}},"128":{"start":{"line":129,"column":0},"end":{"line":129,"column":20}},"129":{"start":{"line":130,"column":0},"end":{"line":130,"column":14}},"130":{"start":{"line":131,"column":0},"end":{"line":131,"column":3}},"132":{"start":{"line":133,"column":0},"end":{"line":133,"column":14}},"133":{"start":{"line":134,"column":0},"end":{"line":134,"column":73}},"135":{"start":{"line":136,"column":0},"end":{"line":136,"column":44}},"136":{"start":{"line":137,"column":0},"end":{"line":137,"column":1}},"155":{"start":{"line":156,"column":0},"end":{"line":156,"column":70}},"156":{"start":{"line":157,"column":0},"end":{"line":157,"column":44}},"157":{"start":{"line":158,"column":0},"end":{"line":158,"column":1}}},"s":{"21":1,"22":116,"23":116,"25":116,"26":4,"27":116,"28":4,"29":4,"32":109,"34":109,"35":109,"65":1,"67":187,"68":57,"69":57,"70":19,"71":19,"73":130,"74":130,"76":130,"77":130,"78":130,"80":130,"103":1,"105":105,"108":105,"110":102,"111":102,"112":102,"115":105,"116":10,"117":105,"118":92,"119":92,"121":92,"122":92,"123":92,"124":92,"126":102,"128":105,"129":9,"130":9,"132":93,"133":93,"135":105,"136":105,"155":1,"156":95,"157":95},"branchMap":{"0":{"type":"branch","line":22,"loc":{"start":{"line":22,"column":7},"end":{"line":36,"column":1}},"locations":[{"start":{"line":22,"column":7},"end":{"line":36,"column":1}}]},"1":{"type":"branch","line":23,"loc":{"start":{"line":23,"column":44},"end":{"line":23,"column":52}},"locations":[{"start":{"line":23,"column":44},"end":{"line":23,"column":52}}]},"2":{"type":"branch","line":24,"loc":{"start":{"line":24,"column":14},"end":{"line":24,"column":31}},"locations":[{"start":{"line":24,"column":14},"end":{"line":24,"column":31}}]},"3":{"type":"branch","line":24,"loc":{"start":{"line":24,"column":29},"end":{"line":26,"column":26}},"locations":[{"start":{"line":24,"column":29},"end":{"line":26,"column":26}}]},"4":{"type":"branch","line":26,"loc":{"start":{"line":26,"column":26},"end":{"line":28,"column":13}},"locations":[{"start":{"line":26,"column":26},"end":{"line":28,"column":13}}]},"5":{"type":"branch","line":28,"loc":{"start":{"line":28,"column":2},"end":{"line":36,"column":1}},"locations":[{"start":{"line":28,"column":2},"end":{"line":36,"column":1}}]},"6":{"type":"branch","line":28,"loc":{"start":{"line":28,"column":33},"end":{"line":30,"column":3}},"locations":[{"start":{"line":28,"column":33},"end":{"line":30,"column":3}}]},"7":{"type":"branch","line":66,"loc":{"start":{"line":66,"column":7},"end":{"line":81,"column":1}},"locations":[{"start":{"line":66,"column":7},"end":{"line":81,"column":1}}]},"8":{"type":"branch","line":68,"loc":{"start":{"line":68,"column":12},"end":{"line":68,"column":26}},"locations":[{"start":{"line":68,"column":12},"end":{"line":68,"column":26}}]},"9":{"type":"branch","line":68,"loc":{"start":{"line":68,"column":26},"end":{"line":72,"column":3}},"locations":[{"start":{"line":68,"column":26},"end":{"line":72,"column":3}}]},"10":{"type":"branch","line":69,"loc":{"start":{"line":69,"column":15},"end":{"line":69,"column":25}},"locations":[{"start":{"line":69,"column":15},"end":{"line":69,"column":25}}]},"11":{"type":"branch","line":69,"loc":{"start":{"line":69,"column":22},"end":{"line":70,"column":24}},"locations":[{"start":{"line":69,"column":22},"end":{"line":70,"column":24}}]},"12":{"type":"branch","line":70,"loc":{"start":{"line":70,"column":17},"end":{"line":72,"column":3}},"locations":[{"start":{"line":70,"column":17},"end":{"line":72,"column":3}}]},"13":{"type":"branch","line":72,"loc":{"start":{"line":72,"column":2},"end":{"line":81,"column":1}},"locations":[{"start":{"line":72,"column":2},"end":{"line":81,"column":1}}]},"14":{"type":"branch","line":104,"loc":{"start":{"line":104,"column":7},"end":{"line":137,"column":1}},"locations":[{"start":{"line":104,"column":7},"end":{"line":137,"column":1}}]},"15":{"type":"branch","line":106,"loc":{"start":{"line":106,"column":16},"end":{"line":106,"column":33}},"locations":[{"start":{"line":106,"column":16},"end":{"line":106,"column":33}}]},"16":{"type":"branch","line":106,"loc":{"start":{"line":106,"column":28},"end":{"line":109,"column":24}},"locations":[{"start":{"line":106,"column":28},"end":{"line":109,"column":24}}]},"17":{"type":"branch","line":109,"loc":{"start":{"line":109,"column":17},"end":{"line":109,"column":40}},"locations":[{"start":{"line":109,"column":17},"end":{"line":109,"column":40}}]},"18":{"type":"branch","line":109,"loc":{"start":{"line":109,"column":37},"end":{"line":116,"column":19}},"locations":[{"start":{"line":109,"column":37},"end":{"line":116,"column":19}}]},"19":{"type":"branch","line":116,"loc":{"start":{"line":116,"column":19},"end":{"line":118,"column":9}},"locations":[{"start":{"line":116,"column":19},"end":{"line":118,"column":9}}]},"20":{"type":"branch","line":118,"loc":{"start":{"line":118,"column":2},"end":{"line":125,"column":3}},"locations":[{"start":{"line":118,"column":2},"end":{"line":125,"column":3}}]},"21":{"type":"branch","line":125,"loc":{"start":{"line":125,"column":2},"end":{"line":129,"column":19}},"locations":[{"start":{"line":125,"column":2},"end":{"line":129,"column":19}}]},"22":{"type":"branch","line":129,"loc":{"start":{"line":129,"column":19},"end":{"line":131,"column":3}},"locations":[{"start":{"line":129,"column":19},"end":{"line":131,"column":3}}]},"23":{"type":"branch","line":131,"loc":{"start":{"line":131,"column":2},"end":{"line":136,"column":23}},"locations":[{"start":{"line":131,"column":2},"end":{"line":136,"column":23}}]},"24":{"type":"branch","line":136,"loc":{"start":{"line":136,"column":19},"end":{"line":136,"column":37}},"locations":[{"start":{"line":136,"column":19},"end":{"line":136,"column":37}}]},"25":{"type":"branch","line":136,"loc":{"start":{"line":136,"column":32},"end":{"line":136,"column":44}},"locations":[{"start":{"line":136,"column":32},"end":{"line":136,"column":44}}]},"26":{"type":"branch","line":156,"loc":{"start":{"line":156,"column":7},"end":{"line":158,"column":1}},"locations":[{"start":{"line":156,"column":7},"end":{"line":158,"column":1}}]}},"b":{"0":[116],"1":[3],"2":[3],"3":[113],"4":[4],"5":[109],"6":[4],"7":[187],"8":[78],"9":[57],"10":[19],"11":[38],"12":[19],"13":[130],"14":[105],"15":[2],"16":[103],"17":[1],"18":[102],"19":[10],"20":[92],"21":[102],"22":[9],"23":[93],"24":[51],"25":[42],"26":[95]},"fnMap":{"0":{"name":"hexToRgb","decl":{"start":{"line":22,"column":7},"end":{"line":36,"column":1}},"loc":{"start":{"line":22,"column":7},"end":{"line":36,"column":1}},"line":22},"1":{"name":"rgbToAnsi256","decl":{"start":{"line":66,"column":7},"end":{"line":81,"column":1}},"loc":{"start":{"line":66,"column":7},"end":{"line":81,"column":1}},"line":66},"2":{"name":"ansi256To16","decl":{"start":{"line":104,"column":7},"end":{"line":137,"column":1}},"loc":{"start":{"line":104,"column":7},"end":{"line":137,"column":1}},"line":104},"3":{"name":"rgbToAnsi16","decl":{"start":{"line":156,"column":7},"end":{"line":158,"column":1}},"loc":{"start":{"line":156,"column":7},"end":{"line":158,"column":1}},"line":156}},"f":{"0":116,"1":187,"2":105,"3":95}}
}
